
  .   ____          _            __ _ _
 /\\ / ___'_ __ _ _(_)_ __  __ _ \ \ \ \
( ( )\___ | '_ | '_| | '_ \/ _` | \ \ \ \
 \\/  ___)| |_)| | | | | || (_| |  ) ) ) )
  '  |____| .__|_| |_|_| |_\__, | / / / /
 =========|_|==============|___/=/_/_/_/
 :: Spring Boot ::               (v2.7.18)

2026-03-27 23:42:06.806  INFO 32036 --- [           main] c.s.social.SchoolServiceApplication      : Starting SchoolServiceApplication v0.0.1-SNAPSHOT using Java 17.0.12 on LAPTOP-OCJUFC0S with PID 32036 (E:\巢湖学院毕设系统\school_social\school_service\target\school-service-0.0.1-SNAPSHOT.jar started by xuchao in E:\巢湖学院毕设系统\school_social\school_service)
2026-03-27 23:42:06.811  INFO 32036 --- [           main] c.s.social.SchoolServiceApplication      : No active profile set, falling back to 1 default profile: "default"
2026-03-27 23:42:08.329  INFO 32036 --- [           main] o.s.b.w.embedded.tomcat.TomcatWebServer  : Tomcat initialized with port(s): 8080 (http)
2026-03-27 23:42:08.343  INFO 32036 --- [           main] o.apache.catalina.core.StandardService   : Starting service [Tomcat]
2026-03-27 23:42:08.344  INFO 32036 --- [           main] org.apache.catalina.core.StandardEngine  : Starting Servlet engine: [Apache Tomcat/9.0.83]
2026-03-27 23:42:08.427  INFO 32036 --- [           main] o.a.c.c.C.[Tomcat].[localhost].[/]       : Initializing Spring embedded WebApplicationContext
2026-03-27 23:42:08.428  INFO 32036 --- [           main] w.s.c.ServletWebServerApplicationContext : Root WebApplicationContext: initialization completed in 1558 ms
2026-03-27 23:42:08.549  INFO 32036 --- [           main] com.zaxxer.hikari.HikariDataSource       : HikariPool-1 - Starting...
2026-03-27 23:42:08.875  INFO 32036 --- [           main] com.zaxxer.hikari.HikariDataSource       : HikariPool-1 - Start completed.
2026-03-27 23:42:10.117  INFO 32036 --- [           main] o.s.b.w.embedded.tomcat.TomcatWebServer  : Tomcat started on port(s): 8080 (http) with context path ''
2026-03-27 23:42:10.135  INFO 32036 --- [           main] c.s.social.SchoolServiceApplication      : Started SchoolServiceApplication in 3.93 seconds (JVM running for 4.407)
2026-03-27 23:42:48.141  INFO 32036 --- [nio-8080-exec-2] o.a.c.c.C.[Tomcat].[localhost].[/]       : Initializing Spring DispatcherServlet 'dispatcherServlet'
2026-03-27 23:42:48.142  INFO 32036 --- [nio-8080-exec-2] o.s.web.servlet.DispatcherServlet        : Initializing Servlet 'dispatcherServlet'
2026-03-27 23:42:48.145  INFO 32036 --- [nio-8080-exec-2] o.s.web.servlet.DispatcherServlet        : Completed initialization in 2 ms
2026-03-27 23:42:48.519  WARN 32036 --- [nio-8080-exec-3] .w.s.m.s.DefaultHandlerExceptionResolver : Resolved [org.springframework.web.bind.MethodArgumentNotValidException: Validation failed for argument [0] in public com.school.social.common.ApiResponse<com.school.social.dto.auth.LoginResponse> com.school.social.controller.AuthController.login(com.school.social.dto.auth.LoginRequest,javax.servlet.http.HttpServletRequest): [Field error in object 'loginRequest' on field 'password': rejected value [y]; codes [Size.loginRequest.password,Size.password,Size.java.lang.String,Size]; arguments [org.springframework.context.support.DefaultMessageSourceResolvable: codes [loginRequest.password,password]; arguments []; default message [password],32,6]; default message [个数必须在6和32之间]] ]
2026-03-27 23:42:48.519  WARN 32036 --- [nio-8080-exec-2] .w.s.m.s.DefaultHandlerExceptionResolver : Resolved [org.springframework.web.bind.MethodArgumentNotValidException: Validation failed for argument [0] in public com.school.social.common.ApiResponse<com.school.social.dto.auth.LoginResponse> com.school.social.controller.AuthController.login(com.school.social.dto.auth.LoginRequest,javax.servlet.http.HttpServletRequest): [Field error in object 'loginRequest' on field 'password': rejected value [y]; codes [Size.loginRequest.password,Size.password,Size.java.lang.String,Size]; arguments [org.springframework.context.support.DefaultMessageSourceResolvable: codes [loginRequest.password,password]; arguments []; default message [password],32,6]; default message [个数必须在6和32之间]] ]
2026-03-28 03:48:52.788  WARN 32036 --- [nio-8080-exec-1] .w.s.m.s.DefaultHandlerExceptionResolver : Resolved [org.springframework.web.bind.MethodArgumentNotValidException: Validation failed for argument [0] in public com.school.social.common.ApiResponse<com.school.social.dto.auth.LoginResponse> com.school.social.controller.AuthController.adminLogin(com.school.social.dto.auth.LoginRequest,javax.servlet.http.HttpServletRequest): [Field error in object 'loginRequest' on field 'password': rejected value [admin]; codes [Size.loginRequest.password,Size.password,Size.java.lang.String,Size]; arguments [org.springframework.context.support.DefaultMessageSourceResolvable: codes [loginRequest.password,password]; arguments []; default message [password],32,6]; default message [个数必须在6和32之间]] ]
2026-03-28 03:48:54.650  WARN 32036 --- [nio-8080-exec-9] .w.s.m.s.DefaultHandlerExceptionResolver : Resolved [org.springframework.web.bind.MethodArgumentNotValidException: Validation failed for argument [0] in public com.school.social.common.ApiResponse<com.school.social.dto.auth.LoginResponse> com.school.social.controller.AuthController.adminLogin(com.school.social.dto.auth.LoginRequest,javax.servlet.http.HttpServletRequest): [Field error in object 'loginRequest' on field 'password': rejected value [admin]; codes [Size.loginRequest.password,Size.password,Size.java.lang.String,Size]; arguments [org.springframework.context.support.DefaultMessageSourceResolvable: codes [loginRequest.password,password]; arguments []; default message [password],32,6]; default message [个数必须在6和32之间]] ]
2026-03-28 03:49:35.952  WARN 32036 --- [nio-8080-exec-6] .w.s.m.s.DefaultHandlerExceptionResolver : Resolved [org.springframework.web.bind.MethodArgumentNotValidException: Validation failed for argument [0] in public com.school.social.common.ApiResponse<com.school.social.dto.auth.LoginResponse> com.school.social.controller.AuthController.login(com.school.social.dto.auth.LoginRequest,javax.servlet.http.HttpServletRequest): [Field error in object 'loginRequest' on field 'password': rejected value [admin]; codes [Size.loginRequest.password,Size.password,Size.java.lang.String,Size]; arguments [org.springframework.context.support.DefaultMessageSourceResolvable: codes [loginRequest.password,password]; arguments []; default message [password],32,6]; default message [个数必须在6和32之间]] ]
2026-03-28 06:20:54.834  WARN 32036 --- [l-1 housekeeper] com.zaxxer.hikari.pool.HikariPool        : HikariPool-1 - Thread starvation or clock leap detected (housekeeper delta=41m40s283ms155µs400ns).
2026-03-28 08:05:46.575  WARN 32036 --- [l-1 housekeeper] com.zaxxer.hikari.pool.HikariPool        : HikariPool-1 - Thread starvation or clock leap detected (housekeeper delta=1h44m51s741ms742µs500ns).
2026-03-28 10:05:25.296  WARN 32036 --- [l-1 housekeeper] com.zaxxer.hikari.pool.HikariPool        : HikariPool-1 - Thread starvation or clock leap detected (housekeeper delta=1h52m8s317ms441µs300ns).
2026-03-28 14:45:11.421  WARN 32036 --- [l-1 housekeeper] com.zaxxer.hikari.pool.HikariPool        : HikariPool-1 - Thread starvation or clock leap detected (housekeeper delta=4h39m46s125ms244µs800ns).
2026-03-28 16:44:53.676  WARN 32036 --- [l-1 housekeeper] com.zaxxer.hikari.pool.HikariPool        : HikariPool-1 - Thread starvation or clock leap detected (housekeeper delta=1h59m42s254ms952µs200ns).
